warning: frikbot/bot.qc:928:Composite function call may require -allownest
warning: frikbot/bot.qc:930:Composite function call may require -allownest
warning: frikbot/bot.qc:932:Composite function call may require -allownest
warning: frikbot/bot.qc:935:Composite function call may require -allownest
warning: frikbot/bot.qc:937:Composite function call may require -allownest
warning: frikbot/bot.qc:939:Composite function call may require -allownest
warning: frikbot/bot.qc:941:Composite function call may require -allownest
warning: frikbot/bot.qc:944:Composite function call may require -allownest
warning: frikbot/bot.qc:946:Composite function call may require -allownest
warning: frikbot/bot_way.qc:480:Composite function call may require -allownest
warning: items.qc:17:Composite function call may require -allownest
warning: items.qc:45:Composite function call may require -allownest
warning: client.qc:1222:Composite function call may require -allownest
warning: monsters.qc:80:Composite function call may require -allownest
warning: monsters.qc:101:Composite function call may require -allownest
warning: monsters.qc:149:Composite function call may require -allownest
warning: monsters.qc:159:Composite function call may require -allownest
warning: monsters.qc:211:Composite function call may require -allownest
warning: misc.qc:193:Composite function call may require -allownest
warning: misc.qc:218:Composite function call may require -allownest
